<?xml version="1.0" encoding="UTF-8"?>
<!-- Generated by org.testng.reporters.JUnitXMLReporter -->
<testsuite hostname="NandhaComputer" ignored="4" name="Test" tests="4" failures="0" timestamp="15 Jun 2019 15:14:38 GMT" time="0.064" errors="0">
  <testcase name="methodA" time="0.006" classname="dryTestNG.TC1"/>
  <testcase name="methodB" time="0.002" classname="dryTestNG.TC1"/>
  <testcase name="methodA" time="0.003" classname="dryTestNG.TC2"/>
  <testcase name="methodB" time="0.001" classname="dryTestNG.TC2"/>
  <testcase name="@BeforeSuite beforeSuite" time="0.0" classname="dryTestNG.testNG">
    <ignored/>
  </testcase> <!-- @BeforeSuite beforeSuite -->
  <testcase name="@AfterTest afterTest" time="0.0" classname="dryTestNG.testNG">
    <ignored/>
  </testcase> <!-- @AfterTest afterTest -->
  <testcase name="@BeforeTest beforeTest" time="0.0" classname="dryTestNG.testNG">
    <ignored/>
  </testcase> <!-- @BeforeTest beforeTest -->
  <testcase name="@AfterSuite afterSuite" time="0.0" classname="dryTestNG.testNG">
    <ignored/>
  </testcase> <!-- @AfterSuite afterSuite -->
</testsuite> <!-- Test -->
